[2017-05-27 17:18:27.237] [WARN] nodeJS - Plugins watch exception (https://nodejs.org/docs/latest/api/fs.html#fs_availability).
[2017-05-27 17:18:27.351] [WARN] nodeJS - update cluster with 1 workers
[2017-05-27 17:18:27.441] [WARN] nodeJS - worker 217 started.
[2017-05-27 17:18:27.442] [WARN] nodeJS - update cluster with 1 workers
[2017-05-27 17:18:32.727] [WARN] nodeJS - Plugins watch exception (https://nodejs.org/docs/latest/api/fs.html#fs_availability).
[2017-05-27 17:18:32.787] [WARN] nodeJS - update cluster with 1 workers
[2017-05-27 17:18:32.837] [WARN] nodeJS - worker 247 started.
[2017-05-27 17:18:32.838] [WARN] nodeJS - update cluster with 1 workers
[2017-05-27 17:18:33.437] [WARN] nodeJS - Express server starting...
[2017-05-27 17:18:35.391] [WARN] nodeJS - Express server listening on port 8000 in production-linux mode
[2017-05-27 17:19:58.755] [WARN] nodeJS - Plugins watch exception (https://nodejs.org/docs/latest/api/fs.html#fs_availability).
[2017-05-27 17:19:58.791] [WARN] nodeJS - update cluster with 1 workers
[2017-05-27 17:19:58.806] [WARN] nodeJS - worker 212 started.
[2017-05-27 17:19:58.806] [WARN] nodeJS - update cluster with 1 workers
[2017-05-27 17:19:59.080] [WARN] nodeJS - Express server starting...
[2017-05-27 17:20:00.985] [WARN] nodeJS - Express server listening on port 8000 in production-linux mode
[2017-05-27 17:22:40.313] [WARN] nodeJS - Plugins watch exception (https://nodejs.org/docs/latest/api/fs.html#fs_availability).
[2017-05-27 17:22:40.333] [WARN] nodeJS - update cluster with 1 workers
[2017-05-27 17:22:40.344] [WARN] nodeJS - worker 215 started.
[2017-05-27 17:22:40.345] [WARN] nodeJS - update cluster with 1 workers
[2017-05-27 17:22:40.586] [WARN] nodeJS - Express server starting...
[2017-05-27 17:22:41.709] [WARN] nodeJS - Express server listening on port 8000 in production-linux mode
[2017-05-27 17:23:32.047] [WARN] nodeJS - Plugins watch exception (https://nodejs.org/docs/latest/api/fs.html#fs_availability).
[2017-05-27 17:23:32.088] [WARN] nodeJS - update cluster with 1 workers
[2017-05-27 17:23:32.111] [WARN] nodeJS - worker 223 started.
[2017-05-27 17:23:32.111] [WARN] nodeJS - update cluster with 1 workers
[2017-05-27 17:23:32.317] [WARN] nodeJS - Express server starting...
[2017-05-27 17:23:33.844] [WARN] nodeJS - Express server listening on port 8000 in production-linux mode
[2017-05-27 17:24:46.378] [WARN] nodeJS - Plugins watch exception (https://nodejs.org/docs/latest/api/fs.html#fs_availability).
[2017-05-27 17:24:46.434] [WARN] nodeJS - update cluster with 1 workers
[2017-05-27 17:24:46.456] [WARN] nodeJS - worker 213 started.
[2017-05-27 17:24:46.458] [WARN] nodeJS - update cluster with 1 workers
[2017-05-27 17:24:46.887] [WARN] nodeJS - Express server starting...
[2017-05-27 17:24:48.763] [WARN] nodeJS - Plugins watch exception (https://nodejs.org/docs/latest/api/fs.html#fs_availability).
[2017-05-27 17:24:48.777] [WARN] nodeJS - update cluster with 1 workers
[2017-05-27 17:24:48.783] [WARN] nodeJS - worker 239 started.
[2017-05-27 17:24:48.784] [WARN] nodeJS - update cluster with 1 workers
[2017-05-27 17:24:48.908] [WARN] nodeJS - Express server starting...
[2017-05-27 17:24:50.334] [WARN] nodeJS - Express server listening on port 8000 in production-linux mode
[2017-05-27 17:26:45.691] [WARN] nodeJS - Plugins watch exception (https://nodejs.org/docs/latest/api/fs.html#fs_availability).
[2017-05-27 17:26:46.261] [WARN] nodeJS - update cluster with 1 workers
[2017-05-27 17:26:46.296] [WARN] nodeJS - worker 217 started.
[2017-05-27 17:26:46.296] [WARN] nodeJS - update cluster with 1 workers
[2017-05-27 17:26:46.870] [WARN] nodeJS - Express server starting...
[2017-05-27 17:26:48.718] [WARN] nodeJS - Plugins watch exception (https://nodejs.org/docs/latest/api/fs.html#fs_availability).
[2017-05-27 17:26:48.732] [WARN] nodeJS - update cluster with 1 workers
[2017-05-27 17:26:48.738] [WARN] nodeJS - worker 243 started.
[2017-05-27 17:26:48.739] [WARN] nodeJS - update cluster with 1 workers
[2017-05-27 17:26:48.876] [WARN] nodeJS - Express server starting...
[2017-05-27 17:26:50.062] [WARN] nodeJS - Express server listening on port 8000 in production-linux mode
[2017-05-27 17:31:20.447] [WARN] nodeJS - Plugins watch exception (https://nodejs.org/docs/latest/api/fs.html#fs_availability).
[2017-05-27 17:31:20.482] [WARN] nodeJS - update cluster with 1 workers
[2017-05-27 17:31:20.495] [WARN] nodeJS - worker 219 started.
[2017-05-27 17:31:20.495] [WARN] nodeJS - update cluster with 1 workers
[2017-05-27 17:31:20.748] [WARN] nodeJS - Express server starting...
[2017-05-27 17:31:22.309] [WARN] nodeJS - Express server listening on port 8000 in production-linux mode
[2017-05-27 17:38:09.790] [WARN] nodeJS - Plugins watch exception (https://nodejs.org/docs/latest/api/fs.html#fs_availability).
[2017-05-27 17:38:09.817] [WARN] nodeJS - update cluster with 1 workers
[2017-05-27 17:38:09.825] [WARN] nodeJS - worker 222 started.
[2017-05-27 17:38:09.825] [WARN] nodeJS - update cluster with 1 workers
[2017-05-27 17:38:10.157] [WARN] nodeJS - Express server starting...
[2017-05-27 17:38:11.453] [WARN] nodeJS - Express server listening on port 8000 in production-linux mode
[2017-05-27 17:42:07.153] [WARN] nodeJS - Plugins watch exception (https://nodejs.org/docs/latest/api/fs.html#fs_availability).
[2017-05-27 17:42:07.187] [WARN] nodeJS - update cluster with 1 workers
[2017-05-27 17:42:07.213] [WARN] nodeJS - worker 228 started.
[2017-05-27 17:42:07.213] [WARN] nodeJS - update cluster with 1 workers
[2017-05-27 17:42:07.580] [WARN] nodeJS - Express server starting...
[2017-05-27 17:42:09.399] [WARN] nodeJS - Express server listening on port 8000 in production-linux mode
[2017-05-27 17:43:17.752] [WARN] nodeJS - Plugins watch exception (https://nodejs.org/docs/latest/api/fs.html#fs_availability).
[2017-05-27 17:43:17.835] [WARN] nodeJS - update cluster with 1 workers
[2017-05-27 17:43:17.858] [WARN] nodeJS - worker 204 started.
[2017-05-27 17:43:17.858] [WARN] nodeJS - update cluster with 1 workers
[2017-05-27 17:43:18.142] [WARN] nodeJS - Express server starting...
[2017-05-27 17:43:20.069] [WARN] nodeJS - Plugins watch exception (https://nodejs.org/docs/latest/api/fs.html#fs_availability).
[2017-05-27 17:43:20.086] [WARN] nodeJS - update cluster with 1 workers
[2017-05-27 17:43:20.104] [WARN] nodeJS - worker 240 started.
[2017-05-27 17:43:20.106] [WARN] nodeJS - update cluster with 1 workers
[2017-05-27 17:43:20.256] [WARN] nodeJS - Express server starting...
[2017-05-27 17:43:21.552] [WARN] nodeJS - Express server listening on port 8000 in production-linux mode
[2017-05-27 17:46:06.535] [WARN] nodeJS - Plugins watch exception (https://nodejs.org/docs/latest/api/fs.html#fs_availability).
[2017-05-27 17:46:06.581] [WARN] nodeJS - update cluster with 1 workers
[2017-05-27 17:46:06.646] [WARN] nodeJS - worker 200 started.
[2017-05-27 17:46:06.646] [WARN] nodeJS - update cluster with 1 workers
[2017-05-27 17:46:07.080] [WARN] nodeJS - Express server starting...
[2017-05-27 17:46:09.859] [WARN] nodeJS - Plugins watch exception (https://nodejs.org/docs/latest/api/fs.html#fs_availability).
[2017-05-27 17:46:09.875] [WARN] nodeJS - update cluster with 1 workers
[2017-05-27 17:46:09.882] [WARN] nodeJS - worker 236 started.
[2017-05-27 17:46:09.883] [WARN] nodeJS - update cluster with 1 workers
[2017-05-27 17:46:10.129] [WARN] nodeJS - Express server starting...
[2017-05-27 17:46:11.691] [WARN] nodeJS - Express server listening on port 8000 in production-linux mode
[2017-05-27 17:56:04.358] [WARN] nodeJS - Plugins watch exception (https://nodejs.org/docs/latest/api/fs.html#fs_availability).
[2017-05-27 17:56:04.393] [WARN] nodeJS - update cluster with 1 workers
[2017-05-27 17:56:04.418] [WARN] nodeJS - worker 228 started.
[2017-05-27 17:56:04.419] [WARN] nodeJS - update cluster with 1 workers
[2017-05-27 17:56:04.687] [WARN] nodeJS - Express server starting...
[2017-05-27 17:56:07.212] [WARN] nodeJS - Express server listening on port 8000 in production-linux mode
